"is_built_exec_TestBB" "true"
"built_exec_TestBB" "/home/flowlog/flowlog/interpreter/thrift/_build/testBB.native"
"is_built_exec_o2warning" "true"
"built_exec_o2warning" "/home/flowlog/flowlog/interpreter/thrift/_build/o2warning.native"
"is_built_exec_TestFL" "true"
"built_exec_TestFL" "/home/flowlog/flowlog/interpreter/thrift/_build/testFL.native"
"is_built_exec_Police_Tipline" "true"
"built_exec_Police_Tipline" "/home/flowlog/flowlog/interpreter/thrift/_build/police_tipline.native"
"is_built_lib_flowlog_thrift" "true"
"built_lib_flowlog_thrift" "/home/flowlog/flowlog/interpreter/thrift/_build/gen-ocaml/flowlog_thrift.cma"
"built_lib_flowlog_thrift" "/home/flowlog/flowlog/interpreter/thrift/_build/gen-ocaml/flowlog_thrift.cmxa"
"built_lib_flowlog_thrift" "/home/flowlog/flowlog/interpreter/thrift/_build/gen-ocaml/flowlog_thrift.a"
"built_lib_flowlog_thrift" "/home/flowlog/flowlog/interpreter/thrift/_build/gen-ocaml/flowlog_thrift.cmxs"
"built_lib_flowlog_thrift" "/home/flowlog/flowlog/interpreter/thrift/_build/gen-ocaml/flowlog_rpc_consts.cmi"
"built_lib_flowlog_thrift" "/home/flowlog/flowlog/interpreter/thrift/_build/gen-ocaml/BlackBox.cmi"
"built_lib_flowlog_thrift" "/home/flowlog/flowlog/interpreter/thrift/_build/gen-ocaml/FlowLogInterpreter.cmi"
"built_lib_flowlog_thrift" "/home/flowlog/flowlog/interpreter/thrift/_build/gen-ocaml/flowlog_rpc_consts.cmx"
"built_lib_flowlog_thrift" "/home/flowlog/flowlog/interpreter/thrift/_build/gen-ocaml/BlackBox.cmx"
"built_lib_flowlog_thrift" "/home/flowlog/flowlog/interpreter/thrift/_build/gen-ocaml/FlowLogInterpreter.cmx"
"is_built_exec_notify" "true"
"built_exec_notify" "/home/flowlog/flowlog/interpreter/thrift/_build/notify.native"
"is_built_exec_Timer" "true"
"built_exec_Timer" "/home/flowlog/flowlog/interpreter/thrift/_build/timer.native"
"is_built_exec_Police" "true"
"built_exec_Police" "/home/flowlog/flowlog/interpreter/thrift/_build/police_tipline.native"
